<?xml version="1.0" encoding="UTF-8"?>
<<<<<<< Updated upstream
<testsuite name="AppTest" tests="1" skipped="0" failures="0" errors="0" timestamp="2017-10-08T02:01:03" hostname="Bitcamp" time="0.001">
  <properties/>
  <testcase name="testAppHasAGreeting" classname="AppTest" time="0.001"/>
=======
<testsuite name="AppTest" tests="1" skipped="0" failures="0" errors="0" timestamp="2017-10-03T10:59:08" hostname="User-PC" time="0.004">
  <properties/>
  <testcase name="testAppHasAGreeting" classname="AppTest" time="0.004"/>
>>>>>>> Stashed changes
  <system-out><![CDATA[]]></system-out>
  <system-err><![CDATA[]]></system-err>
</testsuite>
